build/app/intermediates/proguard-rules/release/aapt_rules.txt
# Referenced at merged_manifests\release\AndroidManifest.xml:19
-keep class androidx.core.app.CoreComponentFactory { <init>(); }
# Referenced at merged_manifests\release\AndroidManifest.xml:24
-keep class appportfolio.com.br.MainActivity { <init>(); }
# Referenced at merged_manifests\release\AndroidManifest.xml:19
-keep class io.flutter.app.FlutterApplication { <init>(); }
# Referenced at merged_manifests\release\AndroidManifest.xml:66
-keep class io.flutter.plugins.urllauncher.WebViewActivity { <init>(); }