build/app/outputs/mapping/release/mapping.txt
# compiler: R8
# compiler_version: 1.5.64
# min_api: 16
# pg_map_id: eee565d
...
io.flutter.embedding.engine.systemchannels.SystemChannel -> io.flutter.embedding.engine.i.k:
    io.flutter.plugin.common.BasicMessageChannel channel -> a
    void sendMemoryPressureWarning() -> a
io.flutter.embedding.engine.systemchannels.TextInputChannel -> io.flutter.embedding.engine.i.l:
    io.flutter.plugin.common.MethodChannel$MethodCallHandler parsingMethodHandler -> c
    io.flutter.embedding.engine.systemchannels.TextInputChannel$TextInputMethodHandler textInputMethodHandler -> b
    io.flutter.plugin.common.MethodChannel channel -> a
    io.flutter.embedding.engine.systemchannels.TextInputChannel$TextInputMethodHandler access$000(io.flutter.embedding.engine.systemchannels.TextInputChannel) -> a
    java.util.HashMap createEditingStateJSON(java.lang.String,int,int,int,int) -> a
    void done(int) -> a
    void requestExistingInputState() -> a
    void setTextInputMethodHandler(io.flutter.embedding.engine.systemchannels.TextInputChannel$TextInputMethodHandler) -> a
    void updateEditingState(int,java.lang.String,int,int,int,int) -> a
    void updateEditingStateWithTag(int,java.util.HashMap) -> a
    void go(int) -> b
    void newline(int) -> c
    void next(int) -> d
    void previous(int) -> e
    void search(int) -> f
    void send(int) -> g
    void unspecifiedAction(int) -> h
io.flutter.embedding.engine.systemchannels.TextInputChannel$1 -> io.flutter.embedding.engine.i.l$a:
    io.flutter.embedding.engine.systemchannels.TextInputChannel this$0 -> a
    void onMethodCall(io.flutter.plugin.common.MethodCall,io.flutter.plugin.common.MethodChannel$Result) -> a
io.flutter.embedding.engine.systemchannels.TextInputChannel$Configuration -> io.flutter.embedding.engine.i.l$b:
    java.lang.String actionLabel -> g
    java.lang.Integer inputAction -> f
    io.flutter.embedding.engine.systemchannels.TextInputChannel$Configuration[] fields -> i
    io.flutter.embedding.engine.systemchannels.TextInputChannel$InputType inputType -> e
    io.flutter.embedding.engine.systemchannels.TextInputChannel$Configuration$Autofill autofill -> h
    boolean obscureText -> a
    boolean autocorrect -> b
    boolean enableSuggestions -> c
    io.flutter.embedding.engine.systemchannels.TextInputChannel$TextCapitalization textCapitalization -> d
    io.flutter.embedding.engine.systemchannels.TextInputChannel$Configuration fromJson(org.json.JSONObject) -> a
    java.lang.Integer inputActionFromTextInputAction(java.lang.String) -> a
io.flutter.embedding.engine.systemchannels.TextInputChannel$Configuration$Autofill -> io.flutter.embedding.engine.i.l$b$a:
    io.flutter.embedding.engine.systemchannels.TextInputChannel$TextEditState editState -> c
    java.lang.String uniqueIdentifier -> a
    java.lang.String[] hints -> b
    io.flutter.embedding.engine.systemchannels.TextInputChannel$Configuration$Autofill fromJson(org.json.JSONObject) -> a
    java.lang.String translateAutofillHint(java.lang.String) -> a
io.flutter.embedding.engine.systemchannels.TextInputChannel$InputType -> io.flutter.embedding.engine.i.l$c:
    io.flutter.embedding.engine.systemchannels.TextInputChannel$TextInputType type -> a
    boolean isSigned -> b
    boolean isDecimal -> c
    io.flutter.embedding.engine.systemchannels.TextInputChannel$InputType fromJson(org.json.JSONObject) -> a